make all --print-data-base --no-builtin-variables --no-builtin-rules --question
# GNU Make 4.3
# Built for x86_64-pc-linux-gnu
# Copyright (C) 1988-2020 Free Software Foundation, Inc.
# License GPLv3+: GNU GPL version 3 or later <http://gnu.org/licenses/gpl.html>
# This is free software: you are free to change and redistribute it.
# There is NO WARRANTY, to the extent permitted by law.

# Make data base, printed on Fri Dec  9 18:39:02 2022

# Variables

# environment
LC_ALL = C
# environment
VSCODE_CWD = /home/ivardha1
# makefile (from 'Makefile', line 9)
COMPILE_DEBUG = @
# makefile (from 'Makefile', line 16)
LIBS = 
# default
MAKE_COMMAND := make
# environment
VSCODE_HANDLES_SIGPIPE = true
# automatic
@D = $(patsubst %/,%,$(dir $@))
# environment
VSCODE_HANDLES_UNCAUGHT_ERRORS = true
# default
.VARIABLES := 
# environment
PWD = /home/ivardha1/Architecture3/BtbBranch
# automatic
%D = $(patsubst %/,%,$(dir $%))
# automatic
^D = $(patsubst %/,%,$(dir $^))
# automatic
%F = $(notdir $%)
# environment
LANG = C
# default
.LOADED := 
# default
.INCLUDE_DIRS = /usr/local/include /usr/include /usr/include
# makefile
MAKEFLAGS = pqrR
# makefile
CURDIR := /home/ivardha1/Architecture3/BtbBranch
# environment
APPLICATION_INSIGHTS_NO_DIAGNOSTIC_CHANNEL = 1
# automatic
*D = $(patsubst %/,%,$(dir $*))
# makefile (from 'Makefile', line 10)
VERSION = 2.0
# environment
MFLAGS = -pqrR
# default
.SHELLFLAGS := -c
# automatic
+D = $(patsubst %/,%,$(dir $+))
# makefile (from 'Makefile', line 1)
MAKEFILE_LIST := Makefile
# automatic
@F = $(notdir $@)
# environment
KRB5CCNAME = FILE:/tmp/krb5cc_16001_YV22HnR1Zw
# environment
XDG_SESSION_TYPE = tty
# automatic
?D = $(patsubst %/,%,$(dir $?))
# automatic
*F = $(notdir $*)
# environment
DBUS_SESSION_BUS_ADDRESS = unix:path=/run/user/16001/bus
# automatic
<D = $(patsubst %/,%,$(dir $<))
# environment
VSCODE_NLS_CONFIG = {"locale":"en","availableLanguages":{}}
# default
MAKE_HOST := x86_64-pc-linux-gnu
# makefile
SHELL = /bin/sh
# default
MAKECMDGOALS := all
# environment
SHLVL = 0
# environment
MAKELEVEL := 0
# default
MAKE = $(MAKE_COMMAND)
# environment
PATH = /home/ivardha1/.vscode-server/bin/5235c6bb189b60b01b1f49062f4ffa42384f8c91/bin/remote-cli:/usr/local/bin:/usr/bin:/bin:/usr/games
# default
MAKEFILES := 
# environment
MOTD_SHOWN = pam
# automatic
^F = $(notdir $^)
# environment
SSH_CLIENT = 74.74.98.255 63013 22
# automatic
?F = $(notdir $?)
# automatic
+F = $(notdir $+)
# 'override' directive
GNUMAKEFLAGS := 
# environment
BROWSER = /home/ivardha1/.vscode-server/bin/5235c6bb189b60b01b1f49062f4ffa42384f8c91/bin/helpers/browser.sh
# environment
LOGNAME = ivardha1
# makefile (from 'Makefile', line 24)
APEX_OBJS := file_parser.o apex_cpu.o main.o
# makefile
.DEFAULT_GOAL := all
# environment
USER = ivardha1
# default
MAKE_VERSION := 4.3
# makefile (from 'Makefile', line 15)
LDFLAGS = 
# environment
VSCODE_AGENT_FOLDER = /home/ivardha1/.vscode-server
# environment
_ = /home/ivardha1/.vscode-server/bin/5235c6bb189b60b01b1f49062f4ffa42384f8c91/bin/code-server
# environment
XDG_RUNTIME_DIR = /run/user/16001
# makefile (from 'Makefile', line 14)
CFLAGS = -g -Wall -O0 -DVERSION=$(VERSION)
# environment
VSCODE_IPC_HOOK_CLI = /run/user/16001/vscode-ipc-a4dde824-b704-479d-affc-76c2141100d3.sock
# environment
XDG_SESSION_CLASS = user
# environment
VSCODE_AMD_ENTRYPOINT = vs/workbench/api/node/extensionHostProcess
# environment
HOME = /home/ivardha1
# environment
ELECTRON_RUN_AS_NODE = 1
# environment
XDG_SESSION_ID = 1020148
# default
.RECIPEPREFIX := 
# automatic
<F = $(notdir $<)
# default
SUFFIXES := 
# default
.FEATURES := target-specific order-only second-expansion else-if shortest-stem undefine oneshell nocomment grouped-target extra-prereqs archives jobserver output-sync check-symlink load
# makefile (from 'Makefile', line 13)
CC = $(CROSS_PREFIX)gcc
# makefile (from 'Makefile', line 18)
PROGS = apex_sim
# environment
SSH_CONNECTION = 74.74.98.255 63013 128.226.114.203 22
# variable set hash-table stats:
# Load=71/1024=7%, Rehash=0, Collisions=1/107=1%

# Pattern-specific Variable Values

# No pattern-specific variable values.

# Directories

# . (device 53, inode 45948918116): 34 files, no impossibilities.

# 34 files, no impossibilities in 1 directories.

# Implicit Rules

%.o: %.c
#  recipe to execute (from 'Makefile', line 30):
	$(COMPILE_DEBUG)$(CC) $(CFLAGS) -c -o $@ $<
	$(COMPILE_DEBUG)echo "CC $<"

# 1 implicit rules, 0 (0.0%) terminal.
# Files

apex_sim: file_parser.o apex_cpu.o main.o
#  Implicit rule search has not been done.
#  Modification time never checked.
#  File has not been updated.
#  recipe to execute (from 'Makefile', line 27):
	$(CC) $(LDFLAGS) -o $@ $^ $(LIBS)

# Not a target:
Makefile:
#  Implicit rule search has been done.
#  Last modified 2022-12-03 22:24:33.646106613
#  File has been updated.
#  Successfully updated.

clean:
#  Implicit rule search has not been done.
#  Implicit/static pattern stem: ''
#  File does not exist.
#  File has been updated.
#  Needs to be updated (-q is set).
# automatic
# @ := clean
# automatic
# * := 
# automatic
# < := 
# automatic
# + := 
# automatic
# % := 
# automatic
# ^ := 
# automatic
# ? := 
# automatic
# | := 
# variable set hash-table stats:
# Load=8/32=25%, Rehash=0, Collisions=1/12=8%
#  recipe to execute (from 'Makefile', line 34):
	rm -f *.o *.d *~ $(PROGS)

# Not a target:
apex_cpu.o:
#  Implicit rule search has not been done.
#  Modification time never checked.
#  File has not been updated.

# Not a target:
file_parser.o:
#  Implicit rule search has not been done.
#  Modification time never checked.
#  File has not been updated.

# Not a target:
.DEFAULT:
#  Implicit rule search has not been done.
#  Modification time never checked.
#  File has not been updated.

all: clean apex_sim
#  Command line target.
#  Implicit rule search has been done.
#  File does not exist.
#  File has been updated.
#  Needs to be updated (-q is set).
# variable set hash-table stats:
# Load=0/32=0%, Rehash=0, Collisions=0/4=0%

# Not a target:
main.o:
#  Implicit rule search has not been done.
#  Modification time never checked.
#  File has not been updated.

# Not a target:
.SUFFIXES:
#  Implicit rule search has not been done.
#  Modification time never checked.
#  File has not been updated.

# files hash-table stats:
# Load=9/1024=1%, Rehash=0, Collisions=0/28=0%
# VPATH Search Paths

# No 'vpath' search paths.

# No general ('VPATH' variable) search path.

# strcache buffers: 1 (0) / strings = 42 / storage = 402 B / avg = 9 B
# current buf: size = 8162 B / used = 402 B / count = 42 / avg = 9 B

# strcache performance: lookups = 57 / hit rate = 26%
# hash-table stats:
# Load=42/8192=1%, Rehash=0, Collisions=0/57=0%
# Finished Make data base on Fri Dec  9 18:39:02 2022

 
